<?xml version="1.0" encoding="UTF-8" standalone="no"?>
<!DOCTYPE log SYSTEM "logger.dtd">
<log>
<record>
  <date>2018-12-10T11:46:46</date>
  <millis>1544413606692</millis>
  <sequence>0</sequence>
  <level>START</level>
  <class>com.kms.katalon.core.logging.KeywordLogger</class>
  <method>startSuite</method>
  <thread>1</thread>
  <message>Start Test Suite : Test Suites/Workflow/Update Employer Information</message>
  <nestedLevel>0</nestedLevel>
  <property name="name">Update Employer Information</property>
  <property name="description"></property>
  <property name="id">Test Suites/Workflow/Update Employer Information</property>
</record>
<record>
  <date>2018-12-10T11:46:46</date>
  <millis>1544413606734</millis>
  <sequence>1</sequence>
  <level>RUN_DATA</level>
  <class>com.kms.katalon.core.logging.KeywordLogger</class>
  <method>logMessage</method>
  <thread>1</thread>
  <message>Logging run data &amp;apos;hostName&amp;apos; with value &amp;apos;Admin - Win7Test02&amp;apos;</message>
  <nestedLevel>0</nestedLevel>
  <property name="hostName">Admin - Win7Test02</property>
</record>
<record>
  <date>2018-12-10T11:46:46</date>
  <millis>1544413606734</millis>
  <sequence>2</sequence>
  <level>RUN_DATA</level>
  <class>com.kms.katalon.core.logging.KeywordLogger</class>
  <method>logMessage</method>
  <thread>1</thread>
  <message>Logging run data &amp;apos;os&amp;apos; with value &amp;apos;Windows 7 64bit&amp;apos;</message>
  <nestedLevel>0</nestedLevel>
  <property name="os">Windows 7 64bit</property>
</record>
<record>
  <date>2018-12-10T11:46:46</date>
  <millis>1544413606735</millis>
  <sequence>3</sequence>
  <level>RUN_DATA</level>
  <class>com.kms.katalon.core.logging.KeywordLogger</class>
  <method>logMessage</method>
  <thread>1</thread>
  <message>Logging run data &amp;apos;hostAddress&amp;apos; with value &amp;apos;10.20.3.72&amp;apos;</message>
  <nestedLevel>0</nestedLevel>
  <property name="hostAddress">10.20.3.72</property>
</record>
<record>
  <date>2018-12-10T11:46:46</date>
  <millis>1544413606736</millis>
  <sequence>4</sequence>
  <level>RUN_DATA</level>
  <class>com.kms.katalon.core.logging.KeywordLogger</class>
  <method>logMessage</method>
  <thread>1</thread>
  <message>Logging run data &amp;apos;katalonVersion&amp;apos; with value &amp;apos;5.8.6.1&amp;apos;</message>
  <nestedLevel>0</nestedLevel>
  <property name="katalonVersion">5.8.6.1</property>
</record>
<record>
  <date>2018-12-10T11:46:47</date>
  <millis>1544413607189</millis>
  <sequence>5</sequence>
  <level>START</level>
  <class>com.kms.katalon.core.logging.KeywordLogger</class>
  <method>startTest</method>
  <thread>1</thread>
  <message>Start Test Case : Test Cases/Final Aug 2018 - PKS Automation/Registration Module/Workflow/Update Employer Information/Employer - UO (Approve)</message>
  <nestedLevel>1</nestedLevel>
  <property name="name">Test Cases/Final Aug 2018 - PKS Automation/Registration Module/Workflow/Update Employer Information/Employer - UO (Approve)</property>
  <property name="description"></property>
  <property name="id">Test Cases/Final Aug 2018 - PKS Automation/Registration Module/Workflow/Update Employer Information/Employer - UO (Approve)</property>
  <property name="source">C:\\Users\\Admin\\Desktop\\PKS\\Perkeso Phase A\\Test Cases\\Final Aug 2018 - PKS Automation\\Registration Module\\Workflow\\Update Employer Information\\Employer - UO (Approve).tc</property>
  <property name="isOptional">false</property>
</record>
<record>
  <date>2018-12-10T11:46:47</date>
  <millis>1544413607209</millis>
  <sequence>6</sequence>
  <level>INFO</level>
  <class>com.kms.katalon.core.logging.KeywordLogger</class>
  <method>logMessage</method>
  <thread>1</thread>
  <message>Evaluating variables for test case</message>
  <nestedLevel>1</nestedLevel>
</record>
<record>
  <date>2018-12-10T11:46:47</date>
  <millis>1544413607544</millis>
  <sequence>7</sequence>
  <level>START</level>
  <class>com.kms.katalon.core.logging.KeywordLogger</class>
  <method>startKeyword</method>
  <thread>1</thread>
  <message>Start action : callTestCase</message>
  <nestedLevel>1</nestedLevel>
  <property name="startLine">22</property>
  <property name="stepIndex">1</property>
</record>
<record>
  <date>2018-12-10T11:46:47</date>
  <millis>1544413607604</millis>
  <sequence>8</sequence>
  <level>INFO</level>
  <class>com.kms.katalon.core.logging.KeywordLogger</class>
  <method>logMessage</method>
  <thread>1</thread>
  <message>Checking called Test Case</message>
  <nestedLevel>1</nestedLevel>
</record>
<record>
  <date>2018-12-10T11:46:47</date>
  <millis>1544413607605</millis>
  <sequence>9</sequence>
  <level>INFO</level>
  <class>com.kms.katalon.core.logging.KeywordLogger</class>
  <method>logMessage</method>
  <thread>1</thread>
  <message>Starting to call Test Case &amp;apos;Test Cases/Final Aug 2018 - PKS Automation/Registration Module/Workflow/Update Employer Information/Template/Update Employer Information - Special Case (Employer)&amp;apos;</message>
  <nestedLevel>1</nestedLevel>
</record>
<record>
  <date>2018-12-10T11:46:47</date>
  <millis>1544413607658</millis>
  <sequence>10</sequence>
  <level>START</level>
  <class>com.kms.katalon.core.logging.KeywordLogger</class>
  <method>startTest</method>
  <thread>1</thread>
  <message>Start Test Case : Test Cases/Final Aug 2018 - PKS Automation/Registration Module/Workflow/Update Employer Information/Template/Update Employer Information - Special Case (Employer)</message>
  <nestedLevel>2</nestedLevel>
  <property name="name">Test Cases/Final Aug 2018 - PKS Automation/Registration Module/Workflow/Update Employer Information/Template/Update Employer Information - Special Case (Employer)</property>
  <property name="description"></property>
  <property name="id">Test Cases/Final Aug 2018 - PKS Automation/Registration Module/Workflow/Update Employer Information/Template/Update Employer Information - Special Case (Employer)</property>
  <property name="source">C:\\Users\\Admin\\Desktop\\PKS\\Perkeso Phase A\\Test Cases\\Final Aug 2018 - PKS Automation\\Registration Module\\Workflow\\Update Employer Information\\Template\\Update Employer Information - Special Case (Employer).tc</property>
  <property name="isOptional">false</property>
</record>
<record>
  <date>2018-12-10T11:46:47</date>
  <millis>1544413607680</millis>
  <sequence>11</sequence>
  <level>INFO</level>
  <class>com.kms.katalon.core.logging.KeywordLogger</class>
  <method>logMessage</method>
  <thread>1</thread>
  <message>Evaluating variables for test case</message>
  <nestedLevel>2</nestedLevel>
</record>
<record>
  <date>2018-12-10T11:46:48</date>
  <millis>1544413608024</millis>
  <sequence>12</sequence>
  <level>START</level>
  <class>com.kms.katalon.core.logging.KeywordLogger</class>
  <method>startKeyword</method>
  <thread>1</thread>
  <message>Start action : callTestCase</message>
  <nestedLevel>1</nestedLevel>
  <property name="startLine">23</property>
  <property name="stepIndex">1</property>
</record>
<record>
  <date>2018-12-10T11:46:48</date>
  <millis>1544413608027</millis>
  <sequence>13</sequence>
  <level>INFO</level>
  <class>com.kms.katalon.core.logging.KeywordLogger</class>
  <method>logMessage</method>
  <thread>1</thread>
  <message>Checking called Test Case</message>
  <nestedLevel>2</nestedLevel>
</record>
<record>
  <date>2018-12-10T11:46:48</date>
  <millis>1544413608028</millis>
  <sequence>14</sequence>
  <level>INFO</level>
  <class>com.kms.katalon.core.logging.KeywordLogger</class>
  <method>logMessage</method>
  <thread>1</thread>
  <message>Starting to call Test Case &amp;apos;Test Cases/Final Aug 2018 - PKS Automation/Create Employer Acc/Login to Employer Account (Second time)&amp;apos;</message>
  <nestedLevel>2</nestedLevel>
</record>
<record>
  <date>2018-12-10T11:46:48</date>
  <millis>1544413608082</millis>
  <sequence>15</sequence>
  <level>START</level>
  <class>com.kms.katalon.core.logging.KeywordLogger</class>
  <method>startTest</method>
  <thread>1</thread>
  <message>Start Test Case : Test Cases/Final Aug 2018 - PKS Automation/Create Employer Acc/Login to Employer Account (Second time)</message>
  <nestedLevel>3</nestedLevel>
  <property name="name">Test Cases/Final Aug 2018 - PKS Automation/Create Employer Acc/Login to Employer Account (Second time)</property>
  <property name="description"></property>
  <property name="id">Test Cases/Final Aug 2018 - PKS Automation/Create Employer Acc/Login to Employer Account (Second time)</property>
  <property name="source">C:\\Users\\Admin\\Desktop\\PKS\\Perkeso Phase A\\Test Cases\\Final Aug 2018 - PKS Automation\\Create Employer Acc\\Login to Employer Account (Second time).tc</property>
  <property name="isOptional">false</property>
</record>
<record>
  <date>2018-12-10T11:46:48</date>
  <millis>1544413608086</millis>
  <sequence>16</sequence>
  <level>INFO</level>
  <class>com.kms.katalon.core.logging.KeywordLogger</class>
  <method>logMessage</method>
  <thread>1</thread>
  <message>Evaluating variables for test case</message>
  <nestedLevel>3</nestedLevel>
</record>
<record>
  <date>2018-12-10T11:46:48</date>
  <millis>1544413608270</millis>
  <sequence>17</sequence>
  <level>START</level>
  <class>com.kms.katalon.core.logging.KeywordLogger</class>
  <method>startKeyword</method>
  <thread>1</thread>
  <message>Start action : openBrowser</message>
  <nestedLevel>1</nestedLevel>
  <property name="startLine">23</property>
  <property name="stepIndex">1</property>
</record>
<record>
  <date>2018-12-10T11:46:48</date>
  <millis>1544413608770</millis>
  <sequence>18</sequence>
  <level>INFO</level>
  <class>com.kms.katalon.core.logging.KeywordLogger</class>
  <method>logMessage</method>
  <thread>1</thread>
  <message>Opening browser</message>
  <nestedLevel>3</nestedLevel>
</record>
<record>
  <date>2018-12-10T11:46:48</date>
  <millis>1544413608775</millis>
  <sequence>19</sequence>
  <level>INFO</level>
  <class>com.kms.katalon.core.logging.KeywordLogger</class>
  <method>logMessage</method>
  <thread>1</thread>
  <message>Starting &amp;apos;Chrome&amp;apos; driver</message>
  <nestedLevel>3</nestedLevel>
</record>
<record>
  <date>2018-12-10T11:46:48</date>
  <millis>1544413608809</millis>
  <sequence>20</sequence>
  <level>INFO</level>
  <class>com.kms.katalon.core.logging.KeywordLogger</class>
  <method>logMessage</method>
  <thread>1</thread>
  <message>User set preference: [&amp;apos;args&amp;apos;, &amp;apos;[--start-maximized]&amp;apos;]</message>
  <nestedLevel>3</nestedLevel>
</record>
<record>
  <date>2018-12-10T11:46:48</date>
  <millis>1544413608834</millis>
  <sequence>21</sequence>
  <level>INFO</level>
  <class>com.kms.katalon.core.logging.KeywordLogger</class>
  <method>logMessage</method>
  <thread>1</thread>
  <message>Action delay is set to 0 seconds</message>
  <nestedLevel>3</nestedLevel>
</record>
<record>
  <date>2018-12-10T11:46:52</date>
  <millis>1544413612235</millis>
  <sequence>23</sequence>
  <level>RUN_DATA</level>
  <class>com.kms.katalon.core.logging.KeywordLogger</class>
  <method>logMessage</method>
  <thread>1</thread>
  <message>Logging run data &amp;apos;sessionId&amp;apos; with value &amp;apos;6fa5869279e8f264884ca24bbf340d1d&amp;apos;</message>
  <nestedLevel>3</nestedLevel>
  <property name="sessionId">6fa5869279e8f264884ca24bbf340d1d</property>
</record>
<record>
  <date>2018-12-10T11:46:52</date>
  <millis>1544413612299</millis>
  <sequence>24</sequence>
  <level>RUN_DATA</level>
  <class>com.kms.katalon.core.logging.KeywordLogger</class>
  <method>logMessage</method>
  <thread>1</thread>
  <message>Logging run data &amp;apos;browser&amp;apos; with value &amp;apos;Chrome 70.0.3538.110&amp;apos;</message>
  <nestedLevel>3</nestedLevel>
  <property name="browser">Chrome 70.0.3538.110</property>
</record>
<record>
  <date>2018-12-10T11:46:52</date>
  <millis>1544413612300</millis>
  <sequence>25</sequence>
  <level>RUN_DATA</level>
  <class>com.kms.katalon.core.logging.KeywordLogger</class>
  <method>logMessage</method>
  <thread>1</thread>
  <message>Logging run data &amp;apos;platform&amp;apos; with value &amp;apos;Windows 7&amp;apos;</message>
  <nestedLevel>3</nestedLevel>
  <property name="platform">Windows 7</property>
</record>
<record>
  <date>2018-12-10T11:46:52</date>
  <millis>1544413612306</millis>
  <sequence>26</sequence>
  <level>RUN_DATA</level>
  <class>com.kms.katalon.core.logging.KeywordLogger</class>
  <method>logMessage</method>
  <thread>1</thread>
  <message>Logging run data &amp;apos;seleniumVersion&amp;apos; with value &amp;apos;3.7.1&amp;apos;</message>
  <nestedLevel>3</nestedLevel>
  <property name="seleniumVersion">3.7.1</property>
</record>
<record>
  <date>2018-12-10T11:46:52</date>
  <millis>1544413612307</millis>
  <sequence>27</sequence>
  <level>RUN_DATA</level>
  <class>com.kms.katalon.core.logging.KeywordLogger</class>
  <method>logMessage</method>
  <thread>1</thread>
  <message>Logging run data &amp;apos;proxyInformation&amp;apos; with value &amp;apos;ProxyInformation{proxyOption=NO_PROXY, proxyServerType=HTTP, password=, proxyServerAddress=, proxyServerPort=0}&amp;apos;</message>
  <nestedLevel>3</nestedLevel>
  <property name="proxyInformation">ProxyInformation{proxyOption=NO_PROXY, proxyServerType=HTTP, password=, proxyServerAddress=, proxyServerPort=0}</property>
</record>
<record>
  <date>2018-12-10T11:46:52</date>
  <millis>1544413612309</millis>
  <sequence>28</sequence>
  <level>PASSED</level>
  <class>com.kms.katalon.core.logging.KeywordLogger</class>
  <method>logMessage</method>
  <thread>1</thread>
  <message>Browser is opened with url: &amp;apos;&amp;apos;</message>
  <nestedLevel>3</nestedLevel>
</record>
<record>
  <date>2018-12-10T11:46:52</date>
  <millis>1544413612310</millis>
  <sequence>29</sequence>
  <level>END</level>
  <class>com.kms.katalon.core.logging.KeywordLogger</class>
  <method>endKeyword</method>
  <thread>1</thread>
  <message>End action : openBrowser</message>
  <nestedLevel>1</nestedLevel>
</record>
<record>
  <date>2018-12-10T11:46:52</date>
  <millis>1544413612310</millis>
  <sequence>30</sequence>
  <level>START</level>
  <class>com.kms.katalon.core.logging.KeywordLogger</class>
  <method>startKeyword</method>
  <thread>1</thread>
  <message>Start action : navigateToUrl</message>
  <nestedLevel>1</nestedLevel>
  <property name="startLine">25</property>
  <property name="stepIndex">2</property>
</record>
<record>
  <date>2018-12-10T11:46:52</date>
  <millis>1544413612330</millis>
  <sequence>31</sequence>
  <level>INFO</level>
  <class>com.kms.katalon.core.logging.KeywordLogger</class>
  <method>logMessage</method>
  <thread>1</thread>
  <message>Checking url</message>
  <nestedLevel>3</nestedLevel>
</record>
<record>
  <date>2018-12-10T11:46:52</date>
  <millis>1544413612333</millis>
  <sequence>32</sequence>
  <level>INFO</level>
  <class>com.kms.katalon.core.logging.KeywordLogger</class>
  <method>logMessage</method>
  <thread>1</thread>
  <message>Navigating to &amp;apos;https://assist2-uat.perkeso.gov.my/employer/login&amp;apos;</message>
  <nestedLevel>3</nestedLevel>
</record>
<record>
  <date>2018-12-10T11:46:53</date>
  <millis>1544413613526</millis>
  <sequence>33</sequence>
  <level>PASSED</level>
  <class>com.kms.katalon.core.logging.KeywordLogger</class>
  <method>logMessage</method>
  <thread>1</thread>
  <message>Navigate to &amp;apos;https://assist2-uat.perkeso.gov.my/employer/login&amp;apos; successfully</message>
  <nestedLevel>3</nestedLevel>
</record>
<record>
  <date>2018-12-10T11:46:53</date>
  <millis>1544413613527</millis>
  <sequence>34</sequence>
  <level>END</level>
  <class>com.kms.katalon.core.logging.KeywordLogger</class>
  <method>endKeyword</method>
  <thread>1</thread>
  <message>End action : navigateToUrl</message>
  <nestedLevel>1</nestedLevel>
</record>
<record>
  <date>2018-12-10T11:46:53</date>
  <millis>1544413613528</millis>
  <sequence>35</sequence>
  <level>START</level>
  <class>com.kms.katalon.core.logging.KeywordLogger</class>
  <method>startKeyword</method>
  <thread>1</thread>
  <message>Start action : delay</message>
  <nestedLevel>1</nestedLevel>
  <property name="startLine">27</property>
  <property name="stepIndex">3</property>
</record>
<record>
  <date>2018-12-10T11:46:53</date>
  <millis>1544413613541</millis>
  <sequence>36</sequence>
  <level>INFO</level>
  <class>com.kms.katalon.core.logging.KeywordLogger</class>
  <method>logMessage</method>
  <thread>1</thread>
  <message>Delaying browser in 3 second(s)</message>
  <nestedLevel>3</nestedLevel>
</record>
<record>
  <date>2018-12-10T11:46:56</date>
  <millis>1544413616542</millis>
  <sequence>37</sequence>
  <level>PASSED</level>
  <class>com.kms.katalon.core.logging.KeywordLogger</class>
  <method>logMessage</method>
  <thread>1</thread>
  <message>Delayed 3 second(s)</message>
  <nestedLevel>3</nestedLevel>
</record>
<record>
  <date>2018-12-10T11:46:56</date>
  <millis>1544413616544</millis>
  <sequence>38</sequence>
  <level>END</level>
  <class>com.kms.katalon.core.logging.KeywordLogger</class>
  <method>endKeyword</method>
  <thread>1</thread>
  <message>End action : delay</message>
  <nestedLevel>1</nestedLevel>
</record>
<record>
  <date>2018-12-10T11:46:56</date>
  <millis>1544413616544</millis>
  <sequence>39</sequence>
  <level>START</level>
  <class>com.kms.katalon.core.logging.KeywordLogger</class>
  <method>startKeyword</method>
  <thread>1</thread>
  <message>Start action : callTestCase</message>
  <nestedLevel>1</nestedLevel>
  <property name="startLine">29</property>
  <property name="stepIndex">4</property>
</record>
<record>
  <date>2018-12-10T11:46:56</date>
  <millis>1544413616551</millis>
  <sequence>40</sequence>
  <level>INFO</level>
  <class>com.kms.katalon.core.logging.KeywordLogger</class>
  <method>logMessage</method>
  <thread>1</thread>
  <message>Checking called Test Case</message>
  <nestedLevel>3</nestedLevel>
</record>
<record>
  <date>2018-12-10T11:46:56</date>
  <millis>1544413616552</millis>
  <sequence>41</sequence>
  <level>INFO</level>
  <class>com.kms.katalon.core.logging.KeywordLogger</class>
  <method>logMessage</method>
  <thread>1</thread>
  <message>Starting to call Test Case &amp;apos;Test Cases/Final Aug 2018 - PKS Automation/Create Employer Acc/Template/Employer Email Getter&amp;apos;</message>
  <nestedLevel>3</nestedLevel>
</record>
<record>
  <date>2018-12-10T11:46:56</date>
  <millis>1544413616606</millis>
  <sequence>42</sequence>
  <level>START</level>
  <class>com.kms.katalon.core.logging.KeywordLogger</class>
  <method>startTest</method>
  <thread>1</thread>
  <message>Start Test Case : Test Cases/Final Aug 2018 - PKS Automation/Create Employer Acc/Template/Employer Email Getter</message>
  <nestedLevel>4</nestedLevel>
  <property name="name">Test Cases/Final Aug 2018 - PKS Automation/Create Employer Acc/Template/Employer Email Getter</property>
  <property name="description">(Retrive Employer Login Email from the Text File)</property>
  <property name="id">Test Cases/Final Aug 2018 - PKS Automation/Create Employer Acc/Template/Employer Email Getter</property>
  <property name="source">C:\\Users\\Admin\\Desktop\\PKS\\Perkeso Phase A\\Test Cases\\Final Aug 2018 - PKS Automation\\Create Employer Acc\\Template\\Employer Email Getter.tc</property>
  <property name="isOptional">false</property>
</record>
<record>
  <date>2018-12-10T11:46:56</date>
  <millis>1544413616618</millis>
  <sequence>43</sequence>
  <level>INFO</level>
  <class>com.kms.katalon.core.logging.KeywordLogger</class>
  <method>logMessage</method>
  <thread>1</thread>
  <message>Evaluating variables for test case</message>
  <nestedLevel>4</nestedLevel>
</record>
<record>
  <date>2018-12-10T11:46:56</date>
  <millis>1544413616970</millis>
  <sequence>44</sequence>
  <level>START</level>
  <class>com.kms.katalon.core.logging.KeywordLogger</class>
  <method>startKeyword</method>
  <thread>1</thread>
  <message>Start action : Statement - Try</message>
  <nestedLevel>1</nestedLevel>
  <property name="startLine">26</property>
  <property name="stepIndex">1</property>
</record>
<record>
  <date>2018-12-10T11:46:56</date>
  <millis>1544413616972</millis>
  <sequence>45</sequence>
  <level>START</level>
  <class>com.kms.katalon.core.logging.KeywordLogger</class>
  <method>startKeyword</method>
  <thread>1</thread>
  <message>Start action : Statement - EmpEmail = new java.io.File(C://Users//Admin//Desktop//PKS//Automation Reference Point//EmpEmail.txt)</message>
  <nestedLevel>2</nestedLevel>
  <property name="startLine">28</property>
  <property name="stepIndex">1</property>
</record>
<record>
  <date>2018-12-10T11:46:56</date>
  <millis>1544413616982</millis>
  <sequence>46</sequence>
  <level>END</level>
  <class>com.kms.katalon.core.logging.KeywordLogger</class>
  <method>endKeyword</method>
  <thread>1</thread>
  <message>End action : Statement - EmpEmail = new java.io.File(C://Users//Admin//Desktop//PKS//Automation Reference Point//EmpEmail.txt)</message>
  <nestedLevel>2</nestedLevel>
</record>
<record>
  <date>2018-12-10T11:46:56</date>
  <millis>1544413616983</millis>
  <sequence>47</sequence>
  <level>START</level>
  <class>com.kms.katalon.core.logging.KeywordLogger</class>
  <method>startKeyword</method>
  <thread>1</thread>
  <message>Start action : Statement - bufferread = new java.io.BufferedReader(new java.io.FileReader(EmpEmail))</message>
  <nestedLevel>2</nestedLevel>
  <property name="startLine">29</property>
  <property name="stepIndex">2</property>
</record>
<record>
  <date>2018-12-10T11:46:57</date>
  <millis>1544413617002</millis>
  <sequence>48</sequence>
  <level>END</level>
  <class>com.kms.katalon.core.logging.KeywordLogger</class>
  <method>endKeyword</method>
  <thread>1</thread>
  <message>End action : Statement - bufferread = new java.io.BufferedReader(new java.io.FileReader(EmpEmail))</message>
  <nestedLevel>2</nestedLevel>
</record>
<record>
  <date>2018-12-10T11:46:57</date>
  <millis>1544413617003</millis>
  <sequence>49</sequence>
  <level>START</level>
  <class>com.kms.katalon.core.logging.KeywordLogger</class>
  <method>startKeyword</method>
  <thread>1</thread>
  <message>Start action : Statement - readedVal = bufferread.readLine()</message>
  <nestedLevel>2</nestedLevel>
  <property name="startLine">30</property>
  <property name="stepIndex">3</property>
</record>
<record>
  <date>2018-12-10T11:46:57</date>
  <millis>1544413617006</millis>
  <sequence>50</sequence>
  <level>END</level>
  <class>com.kms.katalon.core.logging.KeywordLogger</class>
  <method>endKeyword</method>
  <thread>1</thread>
  <message>End action : Statement - readedVal = bufferread.readLine()</message>
  <nestedLevel>2</nestedLevel>
</record>
<record>
  <date>2018-12-10T11:46:57</date>
  <millis>1544413617007</millis>
  <sequence>51</sequence>
  <level>START</level>
  <class>com.kms.katalon.core.logging.KeywordLogger</class>
  <method>startKeyword</method>
  <thread>1</thread>
  <message>Start action : Statement - out.println(readedVal)</message>
  <nestedLevel>2</nestedLevel>
  <property name="startLine">31</property>
  <property name="stepIndex">4</property>
</record>
<record>
  <date>2018-12-10T11:46:57</date>
  <millis>1544413617028</millis>
  <sequence>52</sequence>
  <level>END</level>
  <class>com.kms.katalon.core.logging.KeywordLogger</class>
  <method>endKeyword</method>
  <thread>1</thread>
  <message>End action : Statement - out.println(readedVal)</message>
  <nestedLevel>2</nestedLevel>
</record>
<record>
  <date>2018-12-10T11:46:57</date>
  <millis>1544413617028</millis>
  <sequence>53</sequence>
  <level>START</level>
  <class>com.kms.katalon.core.logging.KeywordLogger</class>
  <method>startKeyword</method>
  <thread>1</thread>
  <message>Start action : Statement - Email = readedVal</message>
  <nestedLevel>2</nestedLevel>
  <property name="startLine">32</property>
  <property name="stepIndex">5</property>
</record>
<record>
  <date>2018-12-10T11:46:57</date>
  <millis>1544413617036</millis>
  <sequence>54</sequence>
  <level>END</level>
  <class>com.kms.katalon.core.logging.KeywordLogger</class>
  <method>endKeyword</method>
  <thread>1</thread>
  <message>End action : Statement - Email = readedVal</message>
  <nestedLevel>2</nestedLevel>
</record>
<record>
  <date>2018-12-10T11:46:57</date>
  <millis>1544413617037</millis>
  <sequence>55</sequence>
  <level>END</level>
  <class>com.kms.katalon.core.logging.KeywordLogger</class>
  <method>endKeyword</method>
  <thread>1</thread>
  <message>End action : Statement - Try</message>
  <nestedLevel>1</nestedLevel>
</record>
<record>
  <date>2018-12-10T11:46:57</date>
  <millis>1544413617038</millis>
  <sequence>56</sequence>
  <level>PASSED</level>
  <class>com.kms.katalon.core.logging.KeywordLogger</class>
  <method>logMessage</method>
  <thread>1</thread>
  <message>Test Cases/Final Aug 2018 - PKS Automation/Create Employer Acc/Template/Employer Email Getter</message>
  <nestedLevel>4</nestedLevel>
</record>
<record>
  <date>2018-12-10T11:46:57</date>
  <millis>1544413617038</millis>
  <sequence>57</sequence>
  <level>END</level>
  <class>com.kms.katalon.core.logging.KeywordLogger</class>
  <method>endTest</method>
  <thread>1</thread>
  <message>End Test Case : Test Cases/Final Aug 2018 - PKS Automation/Create Employer Acc/Template/Employer Email Getter</message>
  <nestedLevel>3</nestedLevel>
</record>
<record>
  <date>2018-12-10T11:46:57</date>
  <millis>1544413617048</millis>
  <sequence>58</sequence>
  <level>PASSED</level>
  <class>com.kms.katalon.core.logging.KeywordLogger</class>
  <method>logMessage</method>
  <thread>1</thread>
  <message>Call Test Case &amp;apos;Test Cases/Final Aug 2018 - PKS Automation/Create Employer Acc/Template/Employer Email Getter&amp;apos; successfully</message>
  <nestedLevel>3</nestedLevel>
</record>
<record>
  <date>2018-12-10T11:46:57</date>
  <millis>1544413617049</millis>
  <sequence>59</sequence>
  <level>END</level>
  <class>com.kms.katalon.core.logging.KeywordLogger</class>
  <method>endKeyword</method>
  <thread>1</thread>
  <message>End action : callTestCase</message>
  <nestedLevel>1</nestedLevel>
</record>
<record>
  <date>2018-12-10T11:46:57</date>
  <millis>1544413617049</millis>
  <sequence>60</sequence>
  <level>START</level>
  <class>com.kms.katalon.core.logging.KeywordLogger</class>
  <method>startKeyword</method>
  <thread>1</thread>
  <message>Start action : setText</message>
  <nestedLevel>1</nestedLevel>
  <property name="startLine">31</property>
  <property name="stepIndex">5</property>
</record>
<record>
  <date>2018-12-10T11:46:57</date>
  <millis>1544413617063</millis>
  <sequence>61</sequence>
  <level>INFO</level>
  <class>com.kms.katalon.core.logging.KeywordLogger</class>
  <method>logMessage</method>
  <thread>1</thread>
  <message>Finding Test Object with id &amp;apos;Object Repository/Final Object Repo/Login Page/External Login Page/Email&amp;apos;</message>
  <nestedLevel>3</nestedLevel>
</record>
<record>
  <date>2018-12-10T11:46:57</date>
  <millis>1544413617109</millis>
  <sequence>62</sequence>
  <level>INFO</level>
  <class>com.kms.katalon.core.logging.KeywordLogger</class>
  <method>logMessage</method>
  <thread>1</thread>
  <message>Checking object</message>
  <nestedLevel>3</nestedLevel>
</record>
<record>
  <date>2018-12-10T11:46:57</date>
  <millis>1544413617109</millis>
  <sequence>63</sequence>
  <level>INFO</level>
  <class>com.kms.katalon.core.logging.KeywordLogger</class>
  <method>logMessage</method>
  <thread>1</thread>
  <message>Checking text</message>
  <nestedLevel>3</nestedLevel>
</record>
<record>
  <date>2018-12-10T11:46:57</date>
  <millis>1544413617110</millis>
  <sequence>64</sequence>
  <level>INFO</level>
  <class>com.kms.katalon.core.logging.KeywordLogger</class>
  <method>logMessage</method>
  <thread>1</thread>
  <message>Checking timeout</message>
  <nestedLevel>3</nestedLevel>
</record>
<record>
  <date>2018-12-10T11:46:57</date>
  <millis>1544413617132</millis>
  <sequence>65</sequence>
  <level>INFO</level>
  <class>com.kms.katalon.core.logging.KeywordLogger</class>
  <method>logMessage</method>
  <thread>1</thread>
  <message>Finding web element with id: &amp;apos;Object Repository/Final Object Repo/Login Page/External Login Page/Email&amp;apos; located by &amp;apos;By.xpath: //input[@type = &amp;apos;text&amp;apos; and @id = &amp;apos;_customlogin_WAR_pksloginportlet_dto.login&amp;apos; and @placeholder = &amp;apos;Email Address&amp;apos;]&amp;apos; in &amp;apos;30&amp;apos; second(s)</message>
  <nestedLevel>3</nestedLevel>
</record>
<record>
  <date>2018-12-10T11:46:57</date>
  <millis>1544413617207</millis>
  <sequence>66</sequence>
  <level>INFO</level>
  <class>com.kms.katalon.core.logging.KeywordLogger</class>
  <method>logMessage</method>
  <thread>1</thread>
  <message>Found 1 web elements with id: &amp;apos;Object Repository/Final Object Repo/Login Page/External Login Page/Email&amp;apos; located by &amp;apos;By.xpath: //input[@type = &amp;apos;text&amp;apos; and @id = &amp;apos;_customlogin_WAR_pksloginportlet_dto.login&amp;apos; and @placeholder = &amp;apos;Email Address&amp;apos;]&amp;apos; in &amp;apos;30&amp;apos; second(s)</message>
  <nestedLevel>3</nestedLevel>
</record>
<record>
  <date>2018-12-10T11:46:57</date>
  <millis>1544413617208</millis>
  <sequence>67</sequence>
  <level>INFO</level>
  <class>com.kms.katalon.core.logging.KeywordLogger</class>
  <method>logMessage</method>
  <thread>1</thread>
  <message>Clearing text of object &amp;apos;Object Repository/Final Object Repo/Login Page/External Login Page/Email&amp;apos;</message>
  <nestedLevel>3</nestedLevel>
</record>
<record>
  <date>2018-12-10T11:46:57</date>
  <millis>1544413617279</millis>
  <sequence>68</sequence>
  <level>INFO</level>
  <class>com.kms.katalon.core.logging.KeywordLogger</class>
  <method>logMessage</method>
  <thread>1</thread>
  <message>Checking timeout</message>
  <nestedLevel>3</nestedLevel>
</record>
<record>
  <date>2018-12-10T11:46:57</date>
  <millis>1544413617281</millis>
  <sequence>69</sequence>
  <level>INFO</level>
  <class>com.kms.katalon.core.logging.KeywordLogger</class>
  <method>logMessage</method>
  <thread>1</thread>
  <message>Finding web element with id: &amp;apos;Object Repository/Final Object Repo/Login Page/External Login Page/Email&amp;apos; located by &amp;apos;By.xpath: //input[@type = &amp;apos;text&amp;apos; and @id = &amp;apos;_customlogin_WAR_pksloginportlet_dto.login&amp;apos; and @placeholder = &amp;apos;Email Address&amp;apos;]&amp;apos; in &amp;apos;30&amp;apos; second(s)</message>
  <nestedLevel>3</nestedLevel>
</record>
<record>
  <date>2018-12-10T11:46:57</date>
  <millis>1544413617299</millis>
  <sequence>70</sequence>
  <level>INFO</level>
  <class>com.kms.katalon.core.logging.KeywordLogger</class>
  <method>logMessage</method>
  <thread>1</thread>
  <message>Found 1 web elements with id: &amp;apos;Object Repository/Final Object Repo/Login Page/External Login Page/Email&amp;apos; located by &amp;apos;By.xpath: //input[@type = &amp;apos;text&amp;apos; and @id = &amp;apos;_customlogin_WAR_pksloginportlet_dto.login&amp;apos; and @placeholder = &amp;apos;Email Address&amp;apos;]&amp;apos; in &amp;apos;30&amp;apos; second(s)</message>
  <nestedLevel>3</nestedLevel>
</record>
<record>
  <date>2018-12-10T11:46:57</date>
  <millis>1544413617312</millis>
  <sequence>71</sequence>
  <level>INFO</level>
  <class>com.kms.katalon.core.logging.KeywordLogger</class>
  <method>logMessage</method>
  <thread>1</thread>
  <message>Setting text of object &amp;apos;Object Repository/Final Object Repo/Login Page/External Login Page/Email&amp;apos; to value &amp;apos;perkeso600994343945@gmail.com&amp;apos;</message>
  <nestedLevel>3</nestedLevel>
</record>
<record>
  <date>2018-12-10T11:46:57</date>
  <millis>1544413617597</millis>
  <sequence>72</sequence>
  <level>PASSED</level>
  <class>com.kms.katalon.core.logging.KeywordLogger</class>
  <method>logMessage</method>
  <thread>1</thread>
  <message>Text &amp;apos;perkeso600994343945@gmail.com&amp;apos; is set on object &amp;apos;Object Repository/Final Object Repo/Login Page/External Login Page/Email&amp;apos;</message>
  <nestedLevel>3</nestedLevel>
</record>
<record>
  <date>2018-12-10T11:46:57</date>
  <millis>1544413617599</millis>
  <sequence>73</sequence>
  <level>END</level>
  <class>com.kms.katalon.core.logging.KeywordLogger</class>
  <method>endKeyword</method>
  <thread>1</thread>
  <message>End action : setText</message>
  <nestedLevel>1</nestedLevel>
</record>
<record>
  <date>2018-12-10T11:46:57</date>
  <millis>1544413617599</millis>
  <sequence>74</sequence>
  <level>START</level>
  <class>com.kms.katalon.core.logging.KeywordLogger</class>
  <method>startKeyword</method>
  <thread>1</thread>
  <message>Start action : click</message>
  <nestedLevel>1</nestedLevel>
  <property name="startLine">33</property>
  <property name="stepIndex">6</property>
</record>
<record>
  <date>2018-12-10T11:46:57</date>
  <millis>1544413617600</millis>
  <sequence>75</sequence>
  <level>INFO</level>
  <class>com.kms.katalon.core.logging.KeywordLogger</class>
  <method>logMessage</method>
  <thread>1</thread>
  <message>Finding Test Object with id &amp;apos;Object Repository/Final Object Repo/Login Page/External Login Page/Next&amp;apos;</message>
  <nestedLevel>3</nestedLevel>
</record>
<record>
  <date>2018-12-10T11:46:57</date>
  <millis>1544413617626</millis>
  <sequence>76</sequence>
  <level>INFO</level>
  <class>com.kms.katalon.core.logging.KeywordLogger</class>
  <method>logMessage</method>
  <thread>1</thread>
  <message>Checking object</message>
  <nestedLevel>3</nestedLevel>
</record>
<record>
  <date>2018-12-10T11:46:57</date>
  <millis>1544413617626</millis>
  <sequence>77</sequence>
  <level>INFO</level>
  <class>com.kms.katalon.core.logging.KeywordLogger</class>
  <method>logMessage</method>
  <thread>1</thread>
  <message>Checking timeout</message>
  <nestedLevel>3</nestedLevel>
</record>
<record>
  <date>2018-12-10T11:46:57</date>
  <millis>1544413617627</millis>
  <sequence>78</sequence>
  <level>INFO</level>
  <class>com.kms.katalon.core.logging.KeywordLogger</class>
  <method>logMessage</method>
  <thread>1</thread>
  <message>Finding web element with id: &amp;apos;Object Repository/Final Object Repo/Login Page/External Login Page/Next&amp;apos; located by &amp;apos;By.xpath: //a[@id = &amp;apos;_customlogin_WAR_pksloginportlet_nextBtnId&amp;apos; and (text() = &amp;apos;\n\t\t\t\t\t\t\t\tNext&amp;apos; or . = &amp;apos;\n\t\t\t\t\t\t\t\tNext&amp;apos;)]&amp;apos; in &amp;apos;30&amp;apos; second(s)</message>
  <nestedLevel>3</nestedLevel>
</record>
<record>
  <date>2018-12-10T11:46:57</date>
  <millis>1544413617663</millis>
  <sequence>79</sequence>
  <level>INFO</level>
  <class>com.kms.katalon.core.logging.KeywordLogger</class>
  <method>logMessage</method>
  <thread>1</thread>
  <message>Found 1 web elements with id: &amp;apos;Object Repository/Final Object Repo/Login Page/External Login Page/Next&amp;apos; located by &amp;apos;By.xpath: //a[@id = &amp;apos;_customlogin_WAR_pksloginportlet_nextBtnId&amp;apos; and (text() = &amp;apos;\n\t\t\t\t\t\t\t\tNext&amp;apos; or . = &amp;apos;\n\t\t\t\t\t\t\t\tNext&amp;apos;)]&amp;apos; in &amp;apos;30&amp;apos; second(s)</message>
  <nestedLevel>3</nestedLevel>
</record>
<record>
  <date>2018-12-10T11:46:57</date>
  <millis>1544413617664</millis>
  <sequence>80</sequence>
  <level>INFO</level>
  <class>com.kms.katalon.core.logging.KeywordLogger</class>
  <method>logMessage</method>
  <thread>1</thread>
  <message>Clicking on object: &amp;apos;Object Repository/Final Object Repo/Login Page/External Login Page/Next&amp;apos;</message>
  <nestedLevel>3</nestedLevel>
</record>
<record>
  <date>2018-12-10T11:46:57</date>
  <millis>1544413617822</millis>
  <sequence>81</sequence>
  <level>PASSED</level>
  <class>com.kms.katalon.core.logging.KeywordLogger</class>
  <method>logMessage</method>
  <thread>1</thread>
  <message>Object: &amp;apos;Object Repository/Final Object Repo/Login Page/External Login Page/Next&amp;apos; is clicked on</message>
  <nestedLevel>3</nestedLevel>
</record>
<record>
  <date>2018-12-10T11:46:57</date>
  <millis>1544413617823</millis>
  <sequence>82</sequence>
  <level>END</level>
  <class>com.kms.katalon.core.logging.KeywordLogger</class>
  <method>endKeyword</method>
  <thread>1</thread>
  <message>End action : click</message>
  <nestedLevel>1</nestedLevel>
</record>
<record>
  <date>2018-12-10T11:46:57</date>
  <millis>1544413617824</millis>
  <sequence>83</sequence>
  <level>START</level>
  <class>com.kms.katalon.core.logging.KeywordLogger</class>
  <method>startKeyword</method>
  <thread>1</thread>
  <message>Start action : delay</message>
  <nestedLevel>1</nestedLevel>
  <property name="startLine">35</property>
  <property name="stepIndex">7</property>
</record>
<record>
  <date>2018-12-10T11:46:57</date>
  <millis>1544413617826</millis>
  <sequence>84</sequence>
  <level>INFO</level>
  <class>com.kms.katalon.core.logging.KeywordLogger</class>
  <method>logMessage</method>
  <thread>1</thread>
  <message>Delaying browser in 3 second(s)</message>
  <nestedLevel>3</nestedLevel>
</record>
<record>
  <date>2018-12-10T11:47:00</date>
  <millis>1544413620826</millis>
  <sequence>85</sequence>
  <level>PASSED</level>
  <class>com.kms.katalon.core.logging.KeywordLogger</class>
  <method>logMessage</method>
  <thread>1</thread>
  <message>Delayed 3 second(s)</message>
  <nestedLevel>3</nestedLevel>
</record>
<record>
  <date>2018-12-10T11:47:00</date>
  <millis>1544413620828</millis>
  <sequence>86</sequence>
  <level>END</level>
  <class>com.kms.katalon.core.logging.KeywordLogger</class>
  <method>endKeyword</method>
  <thread>1</thread>
  <message>End action : delay</message>
  <nestedLevel>1</nestedLevel>
</record>
<record>
  <date>2018-12-10T11:47:00</date>
  <millis>1544413620829</millis>
  <sequence>87</sequence>
  <level>START</level>
  <class>com.kms.katalon.core.logging.KeywordLogger</class>
  <method>startKeyword</method>
  <thread>1</thread>
  <message>Start action : setEncryptedText</message>
  <nestedLevel>1</nestedLevel>
  <property name="startLine">37</property>
  <property name="stepIndex">8</property>
</record>
<record>
  <date>2018-12-10T11:47:00</date>
  <millis>1544413620830</millis>
  <sequence>88</sequence>
  <level>INFO</level>
  <class>com.kms.katalon.core.logging.KeywordLogger</class>
  <method>logMessage</method>
  <thread>1</thread>
  <message>Finding Test Object with id &amp;apos;Object Repository/Final Object Repo/Login Page/External Login Page/Password&amp;apos;</message>
  <nestedLevel>3</nestedLevel>
</record>
<record>
  <date>2018-12-10T11:47:00</date>
  <millis>1544413620856</millis>
  <sequence>89</sequence>
  <level>INFO</level>
  <class>com.kms.katalon.core.logging.KeywordLogger</class>
  <method>logMessage</method>
  <thread>1</thread>
  <message>Checking object</message>
  <nestedLevel>3</nestedLevel>
</record>
<record>
  <date>2018-12-10T11:47:00</date>
  <millis>1544413620857</millis>
  <sequence>90</sequence>
  <level>INFO</level>
  <class>com.kms.katalon.core.logging.KeywordLogger</class>
  <method>logMessage</method>
  <thread>1</thread>
  <message>Checking text</message>
  <nestedLevel>3</nestedLevel>
</record>
<record>
  <date>2018-12-10T11:47:00</date>
  <millis>1544413620973</millis>
  <sequence>91</sequence>
  <level>INFO</level>
  <class>com.kms.katalon.core.logging.KeywordLogger</class>
  <method>logMessage</method>
  <thread>1</thread>
  <message>Checking timeout</message>
  <nestedLevel>3</nestedLevel>
</record>
<record>
  <date>2018-12-10T11:47:00</date>
  <millis>1544413620974</millis>
  <sequence>92</sequence>
  <level>INFO</level>
  <class>com.kms.katalon.core.logging.KeywordLogger</class>
  <method>logMessage</method>
  <thread>1</thread>
  <message>Finding web element with id: &amp;apos;Object Repository/Final Object Repo/Login Page/External Login Page/Password&amp;apos; located by &amp;apos;By.xpath: //input[@type = &amp;apos;password&amp;apos; and @id = &amp;apos;_customlogin_WAR_pksloginportlet_dto.password&amp;apos; and @placeholder = &amp;apos;Password &amp;apos;]&amp;apos; in &amp;apos;30&amp;apos; second(s)</message>
  <nestedLevel>3</nestedLevel>
</record>
<record>
  <date>2018-12-10T11:47:01</date>
  <millis>1544413621013</millis>
  <sequence>93</sequence>
  <level>INFO</level>
  <class>com.kms.katalon.core.logging.KeywordLogger</class>
  <method>logMessage</method>
  <thread>1</thread>
  <message>Found 1 web elements with id: &amp;apos;Object Repository/Final Object Repo/Login Page/External Login Page/Password&amp;apos; located by &amp;apos;By.xpath: //input[@type = &amp;apos;password&amp;apos; and @id = &amp;apos;_customlogin_WAR_pksloginportlet_dto.password&amp;apos; and @placeholder = &amp;apos;Password &amp;apos;]&amp;apos; in &amp;apos;30&amp;apos; second(s)</message>
  <nestedLevel>3</nestedLevel>
</record>
<record>
  <date>2018-12-10T11:47:01</date>
  <millis>1544413621014</millis>
  <sequence>94</sequence>
  <level>INFO</level>
  <class>com.kms.katalon.core.logging.KeywordLogger</class>
  <method>logMessage</method>
  <thread>1</thread>
  <message>Clearing text of object &amp;apos;Object Repository/Final Object Repo/Login Page/External Login Page/Password&amp;apos;</message>
  <nestedLevel>3</nestedLevel>
</record>
<record>
  <date>2018-12-10T11:47:01</date>
  <millis>1544413621085</millis>
  <sequence>95</sequence>
  <level>INFO</level>
  <class>com.kms.katalon.core.logging.KeywordLogger</class>
  <method>logMessage</method>
  <thread>1</thread>
  <message>Setting  text of object &amp;apos;Object Repository/Final Object Repo/Login Page/External Login Page/Password&amp;apos; to value ******</message>
  <nestedLevel>3</nestedLevel>
</record>
<record>
  <date>2018-12-10T11:47:01</date>
  <millis>1544413621253</millis>
  <sequence>96</sequence>
  <level>PASSED</level>
  <class>com.kms.katalon.core.logging.KeywordLogger</class>
  <method>logMessage</method>
  <thread>1</thread>
  <message>Text ****** has been set on object &amp;apos;Object Repository/Final Object Repo/Login Page/External Login Page/Password&amp;apos;</message>
  <nestedLevel>3</nestedLevel>
</record>
<record>
  <date>2018-12-10T11:47:01</date>
  <millis>1544413621254</millis>
  <sequence>97</sequence>
  <level>END</level>
  <class>com.kms.katalon.core.logging.KeywordLogger</class>
  <method>endKeyword</method>
  <thread>1</thread>
  <message>End action : setEncryptedText</message>
  <nestedLevel>1</nestedLevel>
</record>
<record>
  <date>2018-12-10T11:47:01</date>
  <millis>1544413621255</millis>
  <sequence>98</sequence>
  <level>START</level>
  <class>com.kms.katalon.core.logging.KeywordLogger</class>
  <method>startKeyword</method>
  <thread>1</thread>
  <message>Start action : click</message>
  <nestedLevel>1</nestedLevel>
  <property name="startLine">39</property>
  <property name="stepIndex">9</property>
</record>
<record>
  <date>2018-12-10T11:47:01</date>
  <millis>1544413621256</millis>
  <sequence>99</sequence>
  <level>INFO</level>
  <class>com.kms.katalon.core.logging.KeywordLogger</class>
  <method>logMessage</method>
  <thread>1</thread>
  <message>Finding Test Object with id &amp;apos;Object Repository/Final Object Repo/Login Page/External Login Page/Login&amp;apos;</message>
  <nestedLevel>3</nestedLevel>
</record>
<record>
  <date>2018-12-10T11:47:01</date>
  <millis>1544413621265</millis>
  <sequence>100</sequence>
  <level>INFO</level>
  <class>com.kms.katalon.core.logging.KeywordLogger</class>
  <method>logMessage</method>
  <thread>1</thread>
  <message>Checking object</message>
  <nestedLevel>3</nestedLevel>
</record>
<record>
  <date>2018-12-10T11:47:01</date>
  <millis>1544413621265</millis>
  <sequence>101</sequence>
  <level>INFO</level>
  <class>com.kms.katalon.core.logging.KeywordLogger</class>
  <method>logMessage</method>
  <thread>1</thread>
  <message>Checking timeout</message>
  <nestedLevel>3</nestedLevel>
</record>
<record>
  <date>2018-12-10T11:47:01</date>
  <millis>1544413621271</millis>
  <sequence>102</sequence>
  <level>INFO</level>
  <class>com.kms.katalon.core.logging.KeywordLogger</class>
  <method>logMessage</method>
  <thread>1</thread>
  <message>Finding web element with id: &amp;apos;Object Repository/Final Object Repo/Login Page/External Login Page/Login&amp;apos; located by &amp;apos;By.xpath: //a[(text() = &amp;apos;\n\t\t\t\t\t\tLogin&amp;apos; or . = &amp;apos;\n\t\t\t\t\t\tLogin&amp;apos;)]&amp;apos; in &amp;apos;30&amp;apos; second(s)</message>
  <nestedLevel>3</nestedLevel>
</record>
<record>
  <date>2018-12-10T11:47:01</date>
  <millis>1544413621309</millis>
  <sequence>103</sequence>
  <level>INFO</level>
  <class>com.kms.katalon.core.logging.KeywordLogger</class>
  <method>logMessage</method>
  <thread>1</thread>
  <message>Found 1 web elements with id: &amp;apos;Object Repository/Final Object Repo/Login Page/External Login Page/Login&amp;apos; located by &amp;apos;By.xpath: //a[(text() = &amp;apos;\n\t\t\t\t\t\tLogin&amp;apos; or . = &amp;apos;\n\t\t\t\t\t\tLogin&amp;apos;)]&amp;apos; in &amp;apos;30&amp;apos; second(s)</message>
  <nestedLevel>3</nestedLevel>
</record>
<record>
  <date>2018-12-10T11:47:01</date>
  <millis>1544413621310</millis>
  <sequence>104</sequence>
  <level>INFO</level>
  <class>com.kms.katalon.core.logging.KeywordLogger</class>
  <method>logMessage</method>
  <thread>1</thread>
  <message>Clicking on object: &amp;apos;Object Repository/Final Object Repo/Login Page/External Login Page/Login&amp;apos;</message>
  <nestedLevel>3</nestedLevel>
</record>
<record>
  <date>2018-12-10T11:47:01</date>
  <millis>1544413621430</millis>
  <sequence>105</sequence>
  <level>PASSED</level>
  <class>com.kms.katalon.core.logging.KeywordLogger</class>
  <method>logMessage</method>
  <thread>1</thread>
  <message>Object: &amp;apos;Object Repository/Final Object Repo/Login Page/External Login Page/Login&amp;apos; is clicked on</message>
  <nestedLevel>3</nestedLevel>
</record>
<record>
  <date>2018-12-10T11:47:01</date>
  <millis>1544413621431</millis>
  <sequence>106</sequence>
  <level>END</level>
  <class>com.kms.katalon.core.logging.KeywordLogger</class>
  <method>endKeyword</method>
  <thread>1</thread>
  <message>End action : click</message>
  <nestedLevel>1</nestedLevel>
</record>
<record>
  <date>2018-12-10T11:47:01</date>
  <millis>1544413621432</millis>
  <sequence>107</sequence>
  <level>START</level>
  <class>com.kms.katalon.core.logging.KeywordLogger</class>
  <method>startKeyword</method>
  <thread>1</thread>
  <message>Start action : delay</message>
  <nestedLevel>1</nestedLevel>
  <property name="startLine">41</property>
  <property name="stepIndex">10</property>
</record>
<record>
  <date>2018-12-10T11:47:01</date>
  <millis>1544413621435</millis>
  <sequence>108</sequence>
  <level>INFO</level>
  <class>com.kms.katalon.core.logging.KeywordLogger</class>
  <method>logMessage</method>
  <thread>1</thread>
  <message>Delaying browser in 5 second(s)</message>
  <nestedLevel>3</nestedLevel>
</record>
<record>
  <date>2018-12-10T11:47:06</date>
  <millis>1544413626436</millis>
  <sequence>109</sequence>
  <level>PASSED</level>
  <class>com.kms.katalon.core.logging.KeywordLogger</class>
  <method>logMessage</method>
  <thread>1</thread>
  <message>Delayed 5 second(s)</message>
  <nestedLevel>3</nestedLevel>
</record>
<record>
  <date>2018-12-10T11:47:06</date>
  <millis>1544413626437</millis>
  <sequence>110</sequence>
  <level>END</level>
  <class>com.kms.katalon.core.logging.KeywordLogger</class>
  <method>endKeyword</method>
  <thread>1</thread>
  <message>End action : delay</message>
  <nestedLevel>1</nestedLevel>
</record>
<record>
  <date>2018-12-10T11:47:06</date>
  <millis>1544413626437</millis>
  <sequence>111</sequence>
  <level>PASSED</level>
  <class>com.kms.katalon.core.logging.KeywordLogger</class>
  <method>logMessage</method>
  <thread>1</thread>
  <message>Test Cases/Final Aug 2018 - PKS Automation/Create Employer Acc/Login to Employer Account (Second time)</message>
  <nestedLevel>3</nestedLevel>
</record>
<record>
  <date>2018-12-10T11:47:06</date>
  <millis>1544413626438</millis>
  <sequence>112</sequence>
  <level>END</level>
  <class>com.kms.katalon.core.logging.KeywordLogger</class>
  <method>endTest</method>
  <thread>1</thread>
  <message>End Test Case : Test Cases/Final Aug 2018 - PKS Automation/Create Employer Acc/Login to Employer Account (Second time)</message>
  <nestedLevel>2</nestedLevel>
</record>
<record>
  <date>2018-12-10T11:47:06</date>
  <millis>1544413626438</millis>
  <sequence>113</sequence>
  <level>PASSED</level>
  <class>com.kms.katalon.core.logging.KeywordLogger</class>
  <method>logMessage</method>
  <thread>1</thread>
  <message>Call Test Case &amp;apos;Test Cases/Final Aug 2018 - PKS Automation/Create Employer Acc/Login to Employer Account (Second time)&amp;apos; successfully</message>
  <nestedLevel>2</nestedLevel>
</record>
<record>
  <date>2018-12-10T11:47:06</date>
  <millis>1544413626439</millis>
  <sequence>114</sequence>
  <level>END</level>
  <class>com.kms.katalon.core.logging.KeywordLogger</class>
  <method>endKeyword</method>
  <thread>1</thread>
  <message>End action : callTestCase</message>
  <nestedLevel>1</nestedLevel>
</record>
<record>
  <date>2018-12-10T11:47:06</date>
  <millis>1544413626440</millis>
  <sequence>115</sequence>
  <level>START</level>
  <class>com.kms.katalon.core.logging.KeywordLogger</class>
  <method>startKeyword</method>
  <thread>1</thread>
  <message>Start action : Statement - tester = com.kms.katalon.core.testobject.ObjectRepository.findTestObject(Final Object Repo/Landing Page/Select to English)</message>
  <nestedLevel>1</nestedLevel>
  <property name="startLine">26</property>
  <property name="stepIndex">2</property>
</record>
<record>
  <date>2018-12-10T11:47:06</date>
  <millis>1544413626441</millis>
  <sequence>116</sequence>
  <level>INFO</level>
  <class>com.kms.katalon.core.logging.KeywordLogger</class>
  <method>logMessage</method>
  <thread>1</thread>
  <message>Finding Test Object with id &amp;apos;Object Repository/Final Object Repo/Landing Page/Select to English&amp;apos;</message>
  <nestedLevel>2</nestedLevel>
</record>
<record>
  <date>2018-12-10T11:47:06</date>
  <millis>1544413626449</millis>
  <sequence>117</sequence>
  <level>END</level>
  <class>com.kms.katalon.core.logging.KeywordLogger</class>
  <method>endKeyword</method>
  <thread>1</thread>
  <message>End action : Statement - tester = com.kms.katalon.core.testobject.ObjectRepository.findTestObject(Final Object Repo/Landing Page/Select to English)</message>
  <nestedLevel>1</nestedLevel>
</record>
<record>
  <date>2018-12-10T11:47:06</date>
  <millis>1544413626450</millis>
  <sequence>118</sequence>
  <level>START</level>
  <class>com.kms.katalon.core.logging.KeywordLogger</class>
  <method>startKeyword</method>
  <thread>1</thread>
  <message>Start action : Statement - Try</message>
  <nestedLevel>1</nestedLevel>
  <property name="startLine">28</property>
  <property name="stepIndex">3</property>
</record>
<record>
  <date>2018-12-10T11:47:06</date>
  <millis>1544413626451</millis>
  <sequence>119</sequence>
  <level>START</level>
  <class>com.kms.katalon.core.logging.KeywordLogger</class>
  <method>startKeyword</method>
  <thread>1</thread>
  <message>Start action : Statement - Checker = com.kms.katalon.core.webui.keyword.WebUiBuiltInKeywords.verifyElementNotPresent(tester, 3)</message>
  <nestedLevel>2</nestedLevel>
  <property name="startLine">29</property>
  <property name="stepIndex">1</property>
</record>
<record>
  <date>2018-12-10T11:47:06</date>
  <millis>1544413626471</millis>
  <sequence>120</sequence>
  <level>INFO</level>
  <class>com.kms.katalon.core.logging.KeywordLogger</class>
  <method>logMessage</method>
  <thread>1</thread>
  <message>Checking object</message>
  <nestedLevel>2</nestedLevel>
</record>
<record>
  <date>2018-12-10T11:47:06</date>
  <millis>1544413626472</millis>
  <sequence>121</sequence>
  <level>INFO</level>
  <class>com.kms.katalon.core.logging.KeywordLogger</class>
  <method>logMessage</method>
  <thread>1</thread>
  <message>Checking timeout</message>
  <nestedLevel>2</nestedLevel>
</record>
<record>
  <date>2018-12-10T11:47:06</date>
  <millis>1544413626473</millis>
  <sequence>122</sequence>
  <level>INFO</level>
  <class>com.kms.katalon.core.logging.KeywordLogger</class>
  <method>logMessage</method>
  <thread>1</thread>
  <message>Finding web element with id: &amp;apos;Object Repository/Final Object Repo/Landing Page/Select to English&amp;apos; located by &amp;apos;By.xpath: //a[@class = &amp;apos;taglib-language-list-text&amp;apos; and @lang = &amp;apos;en-US&amp;apos; and (contains(text(), &amp;apos;EN&amp;apos;) or contains(., &amp;apos;EN&amp;apos;))]&amp;apos; in &amp;apos;3&amp;apos; second(s)</message>
  <nestedLevel>2</nestedLevel>
</record>
<record>
  <date>2018-12-10T11:47:06</date>
  <millis>1544413626596</millis>
  <sequence>123</sequence>
  <level>WARNING</level>
  <class>com.kms.katalon.core.logging.KeywordLogger</class>
  <method>logMessage</method>
  <thread>1</thread>
  <message>Cannot take screenshot</message>
  <nestedLevel>2</nestedLevel>
</record>
<record>
  <date>2018-12-10T11:47:06</date>
  <millis>1544413626597</millis>
  <sequence>124</sequence>
  <level>FAILED</level>
  <class>com.kms.katalon.core.logging.KeywordLogger</class>
  <method>logMessage</method>
  <thread>1</thread>
  <message>Unable to verify object &amp;apos;Object Repository/Final Object Repo/Landing Page/Select to English&amp;apos; is not present (Root cause: org.openqa.selenium.NoSuchWindowException: no such window: target window already closed\nfrom unknown error: web view not found\n  (Session info: chrome=70.0.3538.110)\n  (Driver info: chromedriver=2.43.600210 (68dcf5eebde37173d4027fa8635e332711d2874a),platform=Windows NT 6.1.7601 SP1 x86_64) (WARNING: The server did not provide any stacktrace information)\nCommand duration or timeout: 0 milliseconds\nBuild info: version: &amp;apos;3.7.1&amp;apos;, revision: &amp;apos;8a0099a&amp;apos;, time: &amp;apos;2017-11-06T21:07:36.161Z&amp;apos;\nSystem info: host: &amp;apos;WIN7TEST02&amp;apos;, ip: &amp;apos;10.20.3.72&amp;apos;, os.name: &amp;apos;Windows 7&amp;apos;, os.arch: &amp;apos;amd64&amp;apos;, os.version: &amp;apos;6.1&amp;apos;, java.version: &amp;apos;1.8.0_181&amp;apos;\nDriver info: com.kms.katalon.selenium.driver.CChromeDriver\nCapabilities {acceptInsecureCerts: false, acceptSslCerts: false, applicationCacheEnabled: false, browserConnectionEnabled: false, browserName: chrome, chrome: {chromedriverVersion: 2.43.600210 (68dcf5eebde371..., userDataDir: C:\\Users\\Admin\\AppData\\Loca...}, cssSelectorsEnabled: true, databaseEnabled: false, goog:chromeOptions: {debuggerAddress: localhost:62874}, handlesAlerts: true, hasTouchScreen: false, javascriptEnabled: true, locationContextEnabled: true, mobileEmulationEnabled: false, nativeEvents: true, networkConnectionEnabled: false, pageLoadStrategy: normal, platform: XP, platformName: XP, rotatable: false, setWindowRect: true, takesHeapSnapshot: true, takesScreenshot: true, unexpectedAlertBehaviour: , unhandledPromptBehavior: , version: 70.0.3538.110, webStorageEnabled: true}\nSession ID: 6fa5869279e8f264884ca24bbf340d1d\n*** Element info: {Using=xpath, value=//a[@class = &amp;apos;taglib-language-list-text&amp;apos; and @lang = &amp;apos;en-US&amp;apos; and (contains(text(), &amp;apos;EN&amp;apos;) or contains(., &amp;apos;EN&amp;apos;))]})</message>
  <nestedLevel>2</nestedLevel>
</record>
<record>
  <date>2018-12-10T11:47:06</date>
  <millis>1544413626598</millis>
  <sequence>125</sequence>
  <level>END</level>
  <class>com.kms.katalon.core.logging.KeywordLogger</class>
  <method>endKeyword</method>
  <thread>1</thread>
  <message>End action : Statement - Checker = com.kms.katalon.core.webui.keyword.WebUiBuiltInKeywords.verifyElementNotPresent(tester, 3)</message>
  <nestedLevel>2</nestedLevel>
</record>
<record>
  <date>2018-12-10T11:47:06</date>
  <millis>1544413626599</millis>
  <sequence>126</sequence>
  <level>START</level>
  <class>com.kms.katalon.core.logging.KeywordLogger</class>
  <method>startKeyword</method>
  <thread>1</thread>
  <message>Start action : Statement - If (Checker == false)</message>
  <nestedLevel>2</nestedLevel>
  <property name="startLine">31</property>
  <property name="stepIndex">2</property>
</record>
<record>
  <date>2018-12-10T11:47:06</date>
  <millis>1544413626600</millis>
  <sequence>127</sequence>
  <level>START</level>
  <class>com.kms.katalon.core.logging.KeywordLogger</class>
  <method>startKeyword</method>
  <thread>1</thread>
  <message>Start action : click</message>
  <nestedLevel>3</nestedLevel>
  <property name="startLine">32</property>
  <property name="stepIndex">1</property>
</record>
<record>
  <date>2018-12-10T11:47:06</date>
  <millis>1544413626601</millis>
  <sequence>128</sequence>
  <level>INFO</level>
  <class>com.kms.katalon.core.logging.KeywordLogger</class>
  <method>logMessage</method>
  <thread>1</thread>
  <message>Finding Test Object with id &amp;apos;Object Repository/Final Object Repo/Page_Update Add New Employee - ASSIST/Select to English&amp;apos;</message>
  <nestedLevel>2</nestedLevel>
</record>
<record>
  <date>2018-12-10T11:47:06</date>
  <millis>1544413626609</millis>
  <sequence>129</sequence>
  <level>INFO</level>
  <class>com.kms.katalon.core.logging.KeywordLogger</class>
  <method>logMessage</method>
  <thread>1</thread>
  <message>Checking object</message>
  <nestedLevel>2</nestedLevel>
</record>
<record>
  <date>2018-12-10T11:47:06</date>
  <millis>1544413626609</millis>
  <sequence>130</sequence>
  <level>INFO</level>
  <class>com.kms.katalon.core.logging.KeywordLogger</class>
  <method>logMessage</method>
  <thread>1</thread>
  <message>Checking timeout</message>
  <nestedLevel>2</nestedLevel>
</record>
<record>
  <date>2018-12-10T11:47:06</date>
  <millis>1544413626611</millis>
  <sequence>131</sequence>
  <level>INFO</level>
  <class>com.kms.katalon.core.logging.KeywordLogger</class>
  <method>logMessage</method>
  <thread>1</thread>
  <message>Finding web element with id: &amp;apos;Object Repository/Final Object Repo/Page_Update Add New Employee - ASSIST/Select to English&amp;apos; located by &amp;apos;By.xpath: //a[@class = &amp;apos;taglib-language-list-text&amp;apos; and @lang = &amp;apos;en-US&amp;apos; and (text() = &amp;apos;EN&amp;apos; or . = &amp;apos;EN&amp;apos;)]&amp;apos; in &amp;apos;30&amp;apos; second(s)</message>
  <nestedLevel>2</nestedLevel>
</record>
<record>
  <date>2018-12-10T11:47:06</date>
  <millis>1544413626621</millis>
  <sequence>132</sequence>
  <level>WARNING</level>
  <class>com.kms.katalon.core.logging.KeywordLogger</class>
  <method>logMessage</method>
  <thread>1</thread>
  <message>Cannot take screenshot</message>
  <nestedLevel>2</nestedLevel>
</record>
<record>
  <date>2018-12-10T11:47:06</date>
  <millis>1544413626621</millis>
  <sequence>133</sequence>
  <level>FAILED</level>
  <class>com.kms.katalon.core.logging.KeywordLogger</class>
  <method>logMessage</method>
  <thread>1</thread>
  <message>Unable to click on object &amp;apos;Object Repository/Final Object Repo/Page_Update Add New Employee - ASSIST/Select to English&amp;apos; (Root cause: org.openqa.selenium.NoSuchWindowException: no such window: target window already closed\nfrom unknown error: web view not found\n  (Session info: chrome=70.0.3538.110)\n  (Driver info: chromedriver=2.43.600210 (68dcf5eebde37173d4027fa8635e332711d2874a),platform=Windows NT 6.1.7601 SP1 x86_64) (WARNING: The server did not provide any stacktrace information)\nCommand duration or timeout: 0 milliseconds\nBuild info: version: &amp;apos;3.7.1&amp;apos;, revision: &amp;apos;8a0099a&amp;apos;, time: &amp;apos;2017-11-06T21:07:36.161Z&amp;apos;\nSystem info: host: &amp;apos;WIN7TEST02&amp;apos;, ip: &amp;apos;10.20.3.72&amp;apos;, os.name: &amp;apos;Windows 7&amp;apos;, os.arch: &amp;apos;amd64&amp;apos;, os.version: &amp;apos;6.1&amp;apos;, java.version: &amp;apos;1.8.0_181&amp;apos;\nDriver info: com.kms.katalon.selenium.driver.CChromeDriver\nCapabilities {acceptInsecureCerts: false, acceptSslCerts: false, applicationCacheEnabled: false, browserConnectionEnabled: false, browserName: chrome, chrome: {chromedriverVersion: 2.43.600210 (68dcf5eebde371..., userDataDir: C:\\Users\\Admin\\AppData\\Loca...}, cssSelectorsEnabled: true, databaseEnabled: false, goog:chromeOptions: {debuggerAddress: localhost:62874}, handlesAlerts: true, hasTouchScreen: false, javascriptEnabled: true, locationContextEnabled: true, mobileEmulationEnabled: false, nativeEvents: true, networkConnectionEnabled: false, pageLoadStrategy: normal, platform: XP, platformName: XP, rotatable: false, setWindowRect: true, takesHeapSnapshot: true, takesScreenshot: true, unexpectedAlertBehaviour: , unhandledPromptBehavior: , version: 70.0.3538.110, webStorageEnabled: true}\nSession ID: 6fa5869279e8f264884ca24bbf340d1d\n*** Element info: {Using=xpath, value=//a[@class = &amp;apos;taglib-language-list-text&amp;apos; and @lang = &amp;apos;en-US&amp;apos; and (text() = &amp;apos;EN&amp;apos; or . = &amp;apos;EN&amp;apos;)]})</message>
  <nestedLevel>2</nestedLevel>
</record>
<record>
  <date>2018-12-10T11:47:06</date>
  <millis>1544413626623</millis>
  <sequence>134</sequence>
  <level>END</level>
  <class>com.kms.katalon.core.logging.KeywordLogger</class>
  <method>endKeyword</method>
  <thread>1</thread>
  <message>End action : click</message>
  <nestedLevel>3</nestedLevel>
</record>
<record>
  <date>2018-12-10T11:47:06</date>
  <millis>1544413626623</millis>
  <sequence>135</sequence>
  <level>END</level>
  <class>com.kms.katalon.core.logging.KeywordLogger</class>
  <method>endKeyword</method>
  <thread>1</thread>
  <message>End action : Statement - If (Checker == false)</message>
  <nestedLevel>2</nestedLevel>
</record>
<record>
  <date>2018-12-10T11:47:06</date>
  <millis>1544413626624</millis>
  <sequence>136</sequence>
  <level>START</level>
  <class>com.kms.katalon.core.logging.KeywordLogger</class>
  <method>startKeyword</method>
  <thread>1</thread>
  <message>Start action : delay</message>
  <nestedLevel>2</nestedLevel>
  <property name="startLine">35</property>
  <property name="stepIndex">3</property>
</record>
<record>
  <date>2018-12-10T11:47:06</date>
  <millis>1544413626625</millis>
  <sequence>137</sequence>
  <level>INFO</level>
  <class>com.kms.katalon.core.logging.KeywordLogger</class>
  <method>logMessage</method>
  <thread>1</thread>
  <message>Delaying browser in 2 second(s)</message>
  <nestedLevel>2</nestedLevel>
</record>
